INFO:root:========================= Starting program at 2025-10-26 21:01:50.761868
INFO:root:========================= Starting program at 23, 98
INFO:root:Refreshing ...
INFO:root:Refreshing ...
INFO:root:Refreshing ...
INFO:root:Refreshing ...
INFO:root:Refreshing ...
INFO:root:Refreshing ...
INFO:root:Refreshing ...
INFO:root:Refreshing ...
INFO:root:Refreshing ...
INFO:root:Refreshing ...
INFO:root:Refreshing ...
INFO:root:Refreshing ...
INFO:root:Article:The Thirty-Fourth AAAI Conference on Artiﬁcial Intelligence (AAAI-20)
CRITICAL:root:
Date:2025-10-26 21:01:56.774102
Traceback (most recent call last):
  File "/home/ahmad/.local/bin/nodcast", line 33, in <module>
    sys.exit(load_entry_point('nodcast', 'console_scripts', 'nodcast')())
             ^^^^^^^^^^^^^^^^^^^^^^^^^^^^^^^^^^^^^^^^^^^^^^^^^^^^^^^^^^^
  File "/home/ahmad/nodcast/nodcast/nodcast.py", line 5492, in main
    wrapper(start)
  File "/usr/lib/python3.12/curses/__init__.py", line 94, in wrapper
    return func(stdscr, *args, **kwds)
           ^^^^^^^^^^^^^^^^^^^^^^^^^^^
  File "/home/ahmad/nodcast/nodcast/nodcast.py", line 4473, in start
    show_files(save_folder, exts=['*.txt', '*.artid', "*.listid", '*.art','*.pdf','*.list','*.json','*.squad','*.prc'], extract=True)
  File "/home/ahmad/nodcast/nodcast/nodcast.py", line 4796, in show_files
    show_article(art, collect_art=collect_art)
  File "/home/ahmad/nodcast/nodcast/nodcast.py", line 1982, in show_article
    print_prog(text_win, total_prog, width)
  File "/home/ahmad/nodcast/nodcast/nodcast.py", line 1234, in print_prog
    cur.init_pair(TEMP_COLOR2, back_color, d_color % cur.COLORS)
TypeError: 'NoneType' object cannot be interpreted as an integer
INFO:root:========================= Starting program at 2025-10-26 21:02:55.093393
INFO:root:========================= Starting program at 23, 98
INFO:root:Refreshing ...
INFO:root:Refreshing ...
INFO:root:Refreshing ...
INFO:root:Refreshing ...
INFO:root:Refreshing ...
INFO:root:Refreshing ...
INFO:root:Refreshing ...
INFO:root:Refreshing ...
INFO:root:Refreshing ...
INFO:root:Refreshing ...
INFO:root:Refreshing ...
INFO:root:Refreshing ...
INFO:root:Article:The Thirty-Fourth AAAI Conference on Artiﬁcial Intelligence (AAAI-20)
CRITICAL:root:
Date:2025-10-26 21:03:12.352419
Traceback (most recent call last):
  File "/home/ahmad/.local/bin/nodcast", line 33, in <module>
    sys.exit(load_entry_point('nodcast', 'console_scripts', 'nodcast')())
             ^^^^^^^^^^^^^^^^^^^^^^^^^^^^^^^^^^^^^^^^^^^^^^^^^^^^^^^^^^^
  File "/home/ahmad/nodcast/nodcast/nodcast.py", line 5493, in main
    wrapper(start)
  File "/usr/lib/python3.12/curses/__init__.py", line 94, in wrapper
    return func(stdscr, *args, **kwds)
           ^^^^^^^^^^^^^^^^^^^^^^^^^^^
  File "/home/ahmad/nodcast/nodcast/nodcast.py", line 4474, in start
    show_files(save_folder, exts=['*.txt', '*.artid', "*.listid", '*.art','*.pdf','*.list','*.json','*.squad','*.prc'], extract=True)
  File "/home/ahmad/nodcast/nodcast/nodcast.py", line 4797, in show_files
    show_article(art, collect_art=collect_art)
  File "/home/ahmad/nodcast/nodcast/nodcast.py", line 1983, in show_article
    print_prog(text_win, total_prog, width)
  File "/home/ahmad/nodcast/nodcast/nodcast.py", line 1235, in print_prog
    cur.init_pair(TEMP_COLOR2, back_color, d_color % cur.COLORS)
TypeError: 'NoneType' object cannot be interpreted as an integer
INFO:root:========================= Starting program at 2025-10-26 21:03:44.902098
INFO:root:========================= Starting program at 23, 98
INFO:root:Refreshing ...
INFO:root:Refreshing ...
INFO:root:Refreshing ...
INFO:root:Refreshing ...
INFO:root:Refreshing ...
INFO:root:Refreshing ...
INFO:root:Refreshing ...
INFO:root:Refreshing ...
INFO:root:Refreshing ...
INFO:root:Refreshing ...
INFO:root:Refreshing ...
INFO:root:Refreshing ...
INFO:root:Article:The Thirty-Fourth AAAI Conference on Artiﬁcial Intelligence (AAAI-20)
WARNING:gtts.lang:'en-uk' has been deprecated, falling back to 'en'. This fallback will be removed in a future version.
WARNING:gtts.lang:'en-uk' has been deprecated, falling back to 'en'. This fallback will be removed in a future version.
WARNING:gtts.lang:'en-uk' has been deprecated, falling back to 'en'. This fallback will be removed in a future version.
WARNING:gtts.lang:'en-uk' has been deprecated, falling back to 'en'. This fallback will be removed in a future version.
WARNING:gtts.lang:'en-uk' has been deprecated, falling back to 'en'. This fallback will be removed in a future version.
WARNING:gtts.lang:'en-uk' has been deprecated, falling back to 'en'. This fallback will be removed in a future version.
WARNING:gtts.lang:'en-uk' has been deprecated, falling back to 'en'. This fallback will be removed in a future version.
WARNING:gtts.lang:'en-uk' has been deprecated, falling back to 'en'. This fallback will be removed in a future version.
WARNING:gtts.lang:'en-uk' has been deprecated, falling back to 'en'. This fallback will be removed in a future version.
WARNING:gtts.lang:'en-uk' has been deprecated, falling back to 'en'. This fallback will be removed in a future version.
WARNING:gtts.lang:'en-uk' has been deprecated, falling back to 'en'. This fallback will be removed in a future version.
WARNING:gtts.lang:'en-uk' has been deprecated, falling back to 'en'. This fallback will be removed in a future version.
WARNING:gtts.lang:'en-uk' has been deprecated, falling back to 'en'. This fallback will be removed in a future version.
INFO:root:Refreshing ...
INFO:root:Refreshing ...
INFO:root:Refreshing ...
INFO:root:Refreshing ...
INFO:root:Refreshing ...
INFO:root:Refreshing ...
INFO:root:Refreshing ...
INFO:root:Refreshing ...
INFO:root:Refreshing ...
INFO:root:Refreshing ...
INFO:root:Refreshing ...
INFO:root:Refreshing ...
INFO:root:Refreshing ...
INFO:root:Refreshing ...
INFO:root:Refreshing ...
INFO:root:Refreshing ...
INFO:root:Article:The Thirty-Fourth AAAI Conference on Artiﬁcial Intelligence (AAAI-20)
WARNING:gtts.lang:'en-uk' has been deprecated, falling back to 'en'. This fallback will be removed in a future version.
WARNING:gtts.lang:'en-uk' has been deprecated, falling back to 'en'. This fallback will be removed in a future version.
WARNING:gtts.lang:'en-uk' has been deprecated, falling back to 'en'. This fallback will be removed in a future version.
WARNING:gtts.lang:'en-uk' has been deprecated, falling back to 'en'. This fallback will be removed in a future version.
WARNING:gtts.lang:'en-uk' has been deprecated, falling back to 'en'. This fallback will be removed in a future version.
WARNING:gtts.lang:'en-uk' has been deprecated, falling back to 'en'. This fallback will be removed in a future version.
WARNING:gtts.lang:'en-uk' has been deprecated, falling back to 'en'. This fallback will be removed in a future version.
WARNING:gtts.lang:'en-uk' has been deprecated, falling back to 'en'. This fallback will be removed in a future version.
WARNING:gtts.lang:'en-uk' has been deprecated, falling back to 'en'. This fallback will be removed in a future version.
INFO:root:Refreshing ...
INFO:root:Refreshing ...
INFO:root:Refreshing ...
INFO:root:Refreshing ...
INFO:root:Refreshing ...
INFO:root:Refreshing ...
INFO:root:Refreshing ...
INFO:root:Refreshing ...
INFO:root:Refreshing ...
INFO:root:Refreshing ...
INFO:root:Refreshing ...
INFO:root:Refreshing ...
INFO:root:Refreshing ...
INFO:root:Refreshing ...
INFO:root:Refreshing ...
INFO:root:Refreshing ...
INFO:root:Refreshing ...
INFO:root:Refreshing ...
INFO:root:Refreshing ...
INFO:root:Refreshing ...
INFO:root:Refreshing ...
INFO:root:Refreshing ...
